{"/Users/ludwk007/devel/sql-to-pg/index.js": {"path":"/Users/ludwk007/devel/sql-to-pg/index.js","statementMap":{"0":{"start":{"line":1,"column":11},"end":{"line":1,"column":24}},"1":{"start":{"line":2,"column":13},"end":{"line":2,"column":30}},"2":{"start":{"line":3,"column":11},"end":{"line":3,"column":26}},"3":{"start":{"line":4,"column":21},"end":{"line":4,"column":34}},"4":{"start":{"line":5,"column":13},"end":{"line":5,"column":33}},"5":{"start":{"line":7,"column":14},"end":{"line":7,"column":48}},"6":{"start":{"line":7,"column":21},"end":{"line":7,"column":48}},"7":{"start":{"line":9,"column":0},"end":{"line":119,"column":2}},"8":{"start":{"line":10,"column":17},"end":{"line":10,"column":33}},"9":{"start":{"line":12,"column":23},"end":{"line":19,"column":5}},"10":{"start":{"line":13,"column":23},"end":{"line":13,"column":43}},"11":{"start":{"line":14,"column":8},"end":{"line":18,"column":9}},"12":{"start":{"line":15,"column":12},"end":{"line":15,"column":31}},"13":{"start":{"line":17,"column":12},"end":{"line":17,"column":29}},"14":{"start":{"line":21,"column":18},"end":{"line":21,"column":90}},"15":{"start":{"line":21,"column":35},"end":{"line":21,"column":90}},"16":{"start":{"line":21,"column":64},"end":{"line":21,"column":89}},"17":{"start":{"line":23,"column":28},"end":{"line":33,"column":6}},"18":{"start":{"line":23,"column":38},"end":{"line":33,"column":6}},"19":{"start":{"line":24,"column":8},"end":{"line":24,"column":36}},"20":{"start":{"line":25,"column":8},"end":{"line":32,"column":9}},"21":{"start":{"line":26,"column":24},"end":{"line":26,"column":42}},"22":{"start":{"line":27,"column":12},"end":{"line":27,"column":41}},"23":{"start":{"line":28,"column":12},"end":{"line":28,"column":23}},"24":{"start":{"line":30,"column":12},"end":{"line":30,"column":43}},"25":{"start":{"line":31,"column":12},"end":{"line":31,"column":21}},"26":{"start":{"line":35,"column":21},"end":{"line":40,"column":5}},"27":{"start":{"line":35,"column":38},"end":{"line":40,"column":5}},"28":{"start":{"line":36,"column":8},"end":{"line":39,"column":11}},"29":{"start":{"line":37,"column":27},"end":{"line":37,"column":58}},"30":{"start":{"line":38,"column":12},"end":{"line":38,"column":47}},"31":{"start":{"line":42,"column":20},"end":{"line":45,"column":5}},"32":{"start":{"line":42,"column":37},"end":{"line":45,"column":5}},"33":{"start":{"line":43,"column":23},"end":{"line":43,"column":47}},"34":{"start":{"line":44,"column":8},"end":{"line":44,"column":43}},"35":{"start":{"line":47,"column":17},"end":{"line":59,"column":5}},"36":{"start":{"line":47,"column":30},"end":{"line":59,"column":5}},"37":{"start":{"line":48,"column":17},"end":{"line":48,"column":50}},"38":{"start":{"line":49,"column":21},"end":{"line":49,"column":58}},"39":{"start":{"line":51,"column":8},"end":{"line":51,"column":57}},"40":{"start":{"line":51,"column":30},"end":{"line":51,"column":57}},"41":{"start":{"line":52,"column":8},"end":{"line":52,"column":69}},"42":{"start":{"line":52,"column":34},"end":{"line":52,"column":69}},"43":{"start":{"line":54,"column":19},"end":{"line":54,"column":68}},"44":{"start":{"line":55,"column":8},"end":{"line":58,"column":10}},"45":{"start":{"line":61,"column":21},"end":{"line":61,"column":68}},"46":{"start":{"line":61,"column":36},"end":{"line":61,"column":68}},"47":{"start":{"line":62,"column":21},"end":{"line":62,"column":84}},"48":{"start":{"line":62,"column":31},"end":{"line":62,"column":84}},"49":{"start":{"line":63,"column":24},"end":{"line":63,"column":83}},"50":{"start":{"line":63,"column":38},"end":{"line":63,"column":82}},"51":{"start":{"line":65,"column":22},"end":{"line":65,"column":55}},"52":{"start":{"line":65,"column":29},"end":{"line":65,"column":55}},"53":{"start":{"line":66,"column":25},"end":{"line":66,"column":70}},"54":{"start":{"line":66,"column":32},"end":{"line":66,"column":70}},"55":{"start":{"line":67,"column":20},"end":{"line":67,"column":54}},"56":{"start":{"line":67,"column":27},"end":{"line":67,"column":54}},"57":{"start":{"line":69,"column":21},"end":{"line":75,"column":5}},"58":{"start":{"line":70,"column":8},"end":{"line":74,"column":37}},"59":{"start":{"line":73,"column":30},"end":{"line":73,"column":83}},"60":{"start":{"line":77,"column":22},"end":{"line":83,"column":5}},"61":{"start":{"line":78,"column":23},"end":{"line":78,"column":25}},"62":{"start":{"line":79,"column":8},"end":{"line":81,"column":9}},"63":{"start":{"line":79,"column":21},"end":{"line":79,"column":22}},"64":{"start":{"line":80,"column":12},"end":{"line":80,"column":46}},"65":{"start":{"line":82,"column":8},"end":{"line":82,"column":22}},"66":{"start":{"line":85,"column":21},"end":{"line":92,"column":5}},"67":{"start":{"line":85,"column":33},"end":{"line":92,"column":5}},"68":{"start":{"line":86,"column":8},"end":{"line":86,"column":69}},"69":{"start":{"line":87,"column":24},"end":{"line":87,"column":26}},"70":{"start":{"line":88,"column":8},"end":{"line":90,"column":9}},"71":{"start":{"line":89,"column":12},"end":{"line":89,"column":58}},"72":{"start":{"line":91,"column":8},"end":{"line":91,"column":23}},"73":{"start":{"line":94,"column":23},"end":{"line":97,"column":5}},"74":{"start":{"line":94,"column":35},"end":{"line":97,"column":5}},"75":{"start":{"line":95,"column":8},"end":{"line":95,"column":69}},"76":{"start":{"line":96,"column":8},"end":{"line":96,"column":94}},"77":{"start":{"line":96,"column":66},"end":{"line":96,"column":91}},"78":{"start":{"line":99,"column":24},"end":{"line":108,"column":5}},"79":{"start":{"line":99,"column":36},"end":{"line":108,"column":5}},"80":{"start":{"line":100,"column":8},"end":{"line":100,"column":68}},"81":{"start":{"line":101,"column":24},"end":{"line":101,"column":26}},"82":{"start":{"line":102,"column":25},"end":{"line":102,"column":29}},"83":{"start":{"line":103,"column":8},"end":{"line":106,"column":9}},"84":{"start":{"line":104,"column":12},"end":{"line":104,"column":70}},"85":{"start":{"line":105,"column":12},"end":{"line":105,"column":37}},"86":{"start":{"line":107,"column":8},"end":{"line":107,"column":23}},"87":{"start":{"line":109,"column":4},"end":{"line":118,"column":6}}},"fnMap":{"0":{"name":"(anonymous_0)","decl":{"start":{"line":7,"column":14},"end":{"line":7,"column":15}},"loc":{"start":{"line":7,"column":21},"end":{"line":7,"column":48}},"line":7},"1":{"name":"(anonymous_1)","decl":{"start":{"line":9,"column":17},"end":{"line":9,"column":18}},"loc":{"start":{"line":9,"column":29},"end":{"line":119,"column":1}},"line":9},"2":{"name":"(anonymous_2)","decl":{"start":{"line":12,"column":23},"end":{"line":12,"column":24}},"loc":{"start":{"line":12,"column":38},"end":{"line":19,"column":5}},"line":12},"3":{"name":"(anonymous_3)","decl":{"start":{"line":21,"column":18},"end":{"line":21,"column":19}},"loc":{"start":{"line":21,"column":35},"end":{"line":21,"column":90}},"line":21},"4":{"name":"(anonymous_4)","decl":{"start":{"line":21,"column":46},"end":{"line":21,"column":47}},"loc":{"start":{"line":21,"column":64},"end":{"line":21,"column":89}},"line":21},"5":{"name":"(anonymous_5)","decl":{"start":{"line":23,"column":28},"end":{"line":23,"column":29}},"loc":{"start":{"line":23,"column":38},"end":{"line":33,"column":6}},"line":23},"6":{"name":"(anonymous_6)","decl":{"start":{"line":23,"column":49},"end":{"line":23,"column":50}},"loc":{"start":{"line":23,"column":67},"end":{"line":33,"column":5}},"line":23},"7":{"name":"(anonymous_7)","decl":{"start":{"line":35,"column":21},"end":{"line":35,"column":22}},"loc":{"start":{"line":35,"column":38},"end":{"line":40,"column":5}},"line":35},"8":{"name":"(anonymous_8)","decl":{"start":{"line":35,"column":38},"end":{"line":35,"column":39}},"loc":{"start":{"line":35,"column":53},"end":{"line":40,"column":5}},"line":35},"9":{"name":"(anonymous_9)","decl":{"start":{"line":36,"column":31},"end":{"line":36,"column":32}},"loc":{"start":{"line":36,"column":49},"end":{"line":39,"column":9}},"line":36},"10":{"name":"(anonymous_10)","decl":{"start":{"line":42,"column":20},"end":{"line":42,"column":21}},"loc":{"start":{"line":42,"column":37},"end":{"line":45,"column":5}},"line":42},"11":{"name":"(anonymous_11)","decl":{"start":{"line":42,"column":37},"end":{"line":42,"column":38}},"loc":{"start":{"line":42,"column":58},"end":{"line":45,"column":5}},"line":42},"12":{"name":"(anonymous_12)","decl":{"start":{"line":47,"column":17},"end":{"line":47,"column":18}},"loc":{"start":{"line":47,"column":30},"end":{"line":59,"column":5}},"line":47},"13":{"name":"(anonymous_13)","decl":{"start":{"line":47,"column":30},"end":{"line":47,"column":31}},"loc":{"start":{"line":47,"column":47},"end":{"line":59,"column":5}},"line":47},"14":{"name":"(anonymous_14)","decl":{"start":{"line":61,"column":21},"end":{"line":61,"column":22}},"loc":{"start":{"line":61,"column":36},"end":{"line":61,"column":68}},"line":61},"15":{"name":"(anonymous_15)","decl":{"start":{"line":62,"column":21},"end":{"line":62,"column":22}},"loc":{"start":{"line":62,"column":31},"end":{"line":62,"column":84}},"line":62},"16":{"name":"(anonymous_16)","decl":{"start":{"line":63,"column":24},"end":{"line":63,"column":25}},"loc":{"start":{"line":63,"column":38},"end":{"line":63,"column":82}},"line":63},"17":{"name":"(anonymous_17)","decl":{"start":{"line":65,"column":22},"end":{"line":65,"column":23}},"loc":{"start":{"line":65,"column":29},"end":{"line":65,"column":55}},"line":65},"18":{"name":"(anonymous_18)","decl":{"start":{"line":66,"column":25},"end":{"line":66,"column":26}},"loc":{"start":{"line":66,"column":32},"end":{"line":66,"column":70}},"line":66},"19":{"name":"(anonymous_19)","decl":{"start":{"line":67,"column":20},"end":{"line":67,"column":21}},"loc":{"start":{"line":67,"column":27},"end":{"line":67,"column":54}},"line":67},"20":{"name":"(anonymous_20)","decl":{"start":{"line":69,"column":21},"end":{"line":69,"column":22}},"loc":{"start":{"line":69,"column":55},"end":{"line":75,"column":5}},"line":69},"21":{"name":"(anonymous_21)","decl":{"start":{"line":73,"column":21},"end":{"line":73,"column":22}},"loc":{"start":{"line":73,"column":30},"end":{"line":73,"column":83}},"line":73},"22":{"name":"(anonymous_22)","decl":{"start":{"line":77,"column":22},"end":{"line":77,"column":23}},"loc":{"start":{"line":77,"column":35},"end":{"line":83,"column":5}},"line":77},"23":{"name":"(anonymous_23)","decl":{"start":{"line":85,"column":21},"end":{"line":85,"column":22}},"loc":{"start":{"line":85,"column":33},"end":{"line":92,"column":5}},"line":85},"24":{"name":"(anonymous_24)","decl":{"start":{"line":85,"column":33},"end":{"line":85,"column":34}},"loc":{"start":{"line":85,"column":52},"end":{"line":92,"column":5}},"line":85},"25":{"name":"(anonymous_25)","decl":{"start":{"line":94,"column":23},"end":{"line":94,"column":24}},"loc":{"start":{"line":94,"column":35},"end":{"line":97,"column":5}},"line":94},"26":{"name":"(anonymous_26)","decl":{"start":{"line":94,"column":35},"end":{"line":94,"column":36}},"loc":{"start":{"line":94,"column":54},"end":{"line":97,"column":5}},"line":94},"27":{"name":"(anonymous_27)","decl":{"start":{"line":96,"column":47},"end":{"line":96,"column":48}},"loc":{"start":{"line":96,"column":66},"end":{"line":96,"column":91}},"line":96},"28":{"name":"(anonymous_28)","decl":{"start":{"line":99,"column":24},"end":{"line":99,"column":25}},"loc":{"start":{"line":99,"column":36},"end":{"line":108,"column":5}},"line":99},"29":{"name":"(anonymous_29)","decl":{"start":{"line":99,"column":36},"end":{"line":99,"column":37}},"loc":{"start":{"line":99,"column":55},"end":{"line":108,"column":5}},"line":99}},"branchMap":{"0":{"loc":{"start":{"line":7,"column":21},"end":{"line":7,"column":48}},"type":"cond-expr","locations":[{"start":{"line":7,"column":37},"end":{"line":7,"column":41}},{"start":{"line":7,"column":44},"end":{"line":7,"column":48}}],"line":7},"1":{"loc":{"start":{"line":7,"column":21},"end":{"line":7,"column":34}},"type":"binary-expr","locations":[{"start":{"line":7,"column":21},"end":{"line":7,"column":22}},{"start":{"line":7,"column":26},"end":{"line":7,"column":34}}],"line":7},"2":{"loc":{"start":{"line":38,"column":19},"end":{"line":38,"column":46}},"type":"cond-expr","locations":[{"start":{"line":38,"column":28},"end":{"line":38,"column":39}},{"start":{"line":38,"column":42},"end":{"line":38,"column":46}}],"line":38},"3":{"loc":{"start":{"line":44,"column":15},"end":{"line":44,"column":42}},"type":"cond-expr","locations":[{"start":{"line":44,"column":24},"end":{"line":44,"column":35}},{"start":{"line":44,"column":38},"end":{"line":44,"column":42}}],"line":44},"4":{"loc":{"start":{"line":48,"column":17},"end":{"line":48,"column":50}},"type":"binary-expr","locations":[{"start":{"line":48,"column":17},"end":{"line":48,"column":30}},{"start":{"line":48,"column":34},"end":{"line":48,"column":50}}],"line":48},"5":{"loc":{"start":{"line":49,"column":21},"end":{"line":49,"column":58}},"type":"binary-expr","locations":[{"start":{"line":49,"column":21},"end":{"line":49,"column":34}},{"start":{"line":49,"column":38},"end":{"line":49,"column":58}}],"line":49},"6":{"loc":{"start":{"line":51,"column":8},"end":{"line":51,"column":57}},"type":"if","locations":[{"start":{"line":51,"column":8},"end":{"line":51,"column":57}},{"start":{"line":51,"column":8},"end":{"line":51,"column":57}}],"line":51},"7":{"loc":{"start":{"line":52,"column":8},"end":{"line":52,"column":69}},"type":"if","locations":[{"start":{"line":52,"column":8},"end":{"line":52,"column":69}},{"start":{"line":52,"column":8},"end":{"line":52,"column":69}}],"line":52},"8":{"loc":{"start":{"line":54,"column":19},"end":{"line":54,"column":68}},"type":"cond-expr","locations":[{"start":{"line":54,"column":24},"end":{"line":54,"column":45}},{"start":{"line":54,"column":48},"end":{"line":54,"column":68}}],"line":54},"9":{"loc":{"start":{"line":69,"column":27},"end":{"line":69,"column":50}},"type":"default-arg","locations":[{"start":{"line":69,"column":37},"end":{"line":69,"column":50}}],"line":69}},"s":{"0":1,"1":1,"2":1,"3":1,"4":1,"5":1,"6":6,"7":1,"8":1,"9":1,"10":9,"11":9,"12":9,"13":9,"14":1,"15":4,"16":4,"17":1,"18":5,"19":5,"20":5,"21":5,"22":5,"23":5,"24":0,"25":0,"26":1,"27":4,"28":5,"29":5,"30":5,"31":1,"32":3,"33":4,"34":4,"35":1,"36":1,"37":7,"38":7,"39":7,"40":7,"41":7,"42":7,"43":7,"44":7,"45":1,"46":7,"47":1,"48":7,"49":1,"50":1,"51":1,"52":7,"53":1,"54":7,"55":1,"56":7,"57":1,"58":1,"59":7,"60":1,"61":0,"62":0,"63":0,"64":0,"65":0,"66":1,"67":0,"68":0,"69":0,"70":0,"71":0,"72":0,"73":1,"74":0,"75":0,"76":0,"77":0,"78":1,"79":0,"80":0,"81":0,"82":0,"83":0,"84":0,"85":0,"86":0,"87":1},"f":{"0":6,"1":1,"2":9,"3":4,"4":4,"5":5,"6":5,"7":4,"8":5,"9":5,"10":3,"11":4,"12":1,"13":7,"14":7,"15":7,"16":1,"17":7,"18":7,"19":7,"20":1,"21":7,"22":0,"23":0,"24":0,"25":0,"26":0,"27":0,"28":0,"29":0},"b":{"0":[4,2],"1":[6,6],"2":[4,1],"3":[2,2],"4":[7,0],"5":[7,0],"6":[7,0],"7":[7,0],"8":[4,3],"9":[1]},"_coverageSchema":"1a1c01bbd47fc00a2c39e90264f33305004495a9","hash":"dd5cf524e0589e3c345650a43b622c12a23eaefe"}
}
