TN:
SF:index.js
FN:7,(anonymous_0)
FN:9,(anonymous_1)
FN:12,(anonymous_2)
FN:21,(anonymous_3)
FN:21,(anonymous_4)
FN:23,(anonymous_5)
FN:23,(anonymous_6)
FN:35,(anonymous_7)
FN:35,(anonymous_8)
FN:36,(anonymous_9)
FN:42,(anonymous_10)
FN:42,(anonymous_11)
FN:47,(anonymous_12)
FN:47,(anonymous_13)
FN:61,(anonymous_14)
FN:62,(anonymous_15)
FN:63,(anonymous_16)
FN:65,(anonymous_17)
FN:66,(anonymous_18)
FN:67,(anonymous_19)
FN:69,(anonymous_20)
FN:73,(anonymous_21)
FN:77,(anonymous_22)
FN:85,(anonymous_23)
FN:85,(anonymous_24)
FN:94,(anonymous_25)
FN:94,(anonymous_26)
FN:96,(anonymous_27)
FN:99,(anonymous_28)
FN:99,(anonymous_29)
FNF:30
FNH:22
FNDA:6,(anonymous_0)
FNDA:1,(anonymous_1)
FNDA:9,(anonymous_2)
FNDA:4,(anonymous_3)
FNDA:4,(anonymous_4)
FNDA:5,(anonymous_5)
FNDA:5,(anonymous_6)
FNDA:4,(anonymous_7)
FNDA:5,(anonymous_8)
FNDA:5,(anonymous_9)
FNDA:3,(anonymous_10)
FNDA:4,(anonymous_11)
FNDA:1,(anonymous_12)
FNDA:7,(anonymous_13)
FNDA:7,(anonymous_14)
FNDA:7,(anonymous_15)
FNDA:1,(anonymous_16)
FNDA:7,(anonymous_17)
FNDA:7,(anonymous_18)
FNDA:7,(anonymous_19)
FNDA:1,(anonymous_20)
FNDA:7,(anonymous_21)
FNDA:0,(anonymous_22)
FNDA:0,(anonymous_23)
FNDA:0,(anonymous_24)
FNDA:0,(anonymous_25)
FNDA:0,(anonymous_26)
FNDA:0,(anonymous_27)
FNDA:0,(anonymous_28)
FNDA:0,(anonymous_29)
DA:1,1
DA:2,1
DA:3,1
DA:4,1
DA:5,1
DA:7,6
DA:9,1
DA:10,1
DA:12,1
DA:13,9
DA:14,9
DA:15,9
DA:17,9
DA:21,4
DA:23,5
DA:24,5
DA:25,5
DA:26,5
DA:27,5
DA:28,5
DA:30,0
DA:31,0
DA:35,4
DA:36,5
DA:37,5
DA:38,5
DA:42,3
DA:43,4
DA:44,4
DA:47,1
DA:48,7
DA:49,7
DA:51,7
DA:52,7
DA:54,7
DA:55,7
DA:61,7
DA:62,7
DA:63,1
DA:65,7
DA:66,7
DA:67,7
DA:69,1
DA:70,1
DA:73,7
DA:77,1
DA:78,0
DA:79,0
DA:80,0
DA:82,0
DA:85,1
DA:86,0
DA:87,0
DA:88,0
DA:89,0
DA:91,0
DA:94,1
DA:95,0
DA:96,0
DA:99,1
DA:100,0
DA:101,0
DA:102,0
DA:103,0
DA:104,0
DA:105,0
DA:107,0
DA:109,1
LF:68
LH:48
BRDA:7,0,0,4
BRDA:7,0,1,2
BRDA:7,1,0,6
BRDA:7,1,1,6
BRDA:38,2,0,4
BRDA:38,2,1,1
BRDA:44,3,0,2
BRDA:44,3,1,2
BRDA:48,4,0,7
BRDA:48,4,1,0
BRDA:49,5,0,7
BRDA:49,5,1,0
BRDA:51,6,0,7
BRDA:51,6,1,0
BRDA:52,7,0,7
BRDA:52,7,1,0
BRDA:54,8,0,4
BRDA:54,8,1,3
BRDA:69,9,0,1
BRF:19
BRH:15
end_of_record
